#
# There is insufficient memory for the Java Runtime Environment to continue.
# Native memory allocation (malloc) failed to allocate 484656 bytes for Chunk::new
# Possible reasons:
#   The system is out of physical RAM or swap space
#   The process is running with CompressedOops enabled, and the Java Heap may be blocking the growth of the native heap
# Possible solutions:
#   Reduce memory load on the system
#   Increase physical memory or swap space
#   Check if swap backing store is full
#   Decrease Java heap size (-Xmx/-Xms)
#   Decrease number of Java threads
#   Decrease Java thread stack sizes (-Xss)
#   Set larger code cache with -XX:ReservedCodeCacheSize=
#   JVM is running with Unscaled Compressed Oops mode in which the Java heap is
#     placed in the first 4GB address space. The Java Heap base address is the
#     maximum limit for the native heap growth. Please use -XX:HeapBaseMinAddress
#     to set the Java Heap base and to place the Java Heap above 4GB virtual address.
# This output file may be truncated or incomplete.
#
#  Out of Memory Error (allocation.cpp:389), pid=2536, tid=0x00000000000003fc
#
# JRE version: OpenJDK Runtime Environment (8.0_242-b01) (build 1.8.0_242-release-1644-b01)
# Java VM: OpenJDK 64-Bit Server VM (25.242-b01 mixed mode windows-amd64 compressed oops)
# Failed to write core dump. Minidumps are not enabled by default on client versions of Windows
#

---------------  T H R E A D  ---------------

Current thread (0x0000000017535800):  JavaThread "C2 CompilerThread0" daemon [_thread_in_native, id=1020, stack(0x0000000018b90000,0x0000000018c90000)]

Stack: [0x0000000018b90000,0x0000000018c90000]
[error occurred during error reporting (printing stack bounds), id 0xc0000005]

Native frames: (J=compiled Java code, j=interpreted, Vv=VM code, C=native code)


Current CompileTask:
C2:   9845 5158       4       org.jetbrains.kotlin.parsing.SemanticWhitespaceAwarePsiBuilderImpl::getTokenType (22 bytes)


---------------  P R O C E S S  ---------------

Java Threads: ( => current thread )
  0x0000000018ec8800 JavaThread "Service Thread" daemon [_thread_blocked, id=8052, stack(0x0000000019290000,0x0000000019390000)]
  0x000000001754b800 JavaThread "C1 CompilerThread2" daemon [_thread_blocked, id=1168, stack(0x0000000018d90000,0x0000000018e90000)]
  0x000000001753d000 JavaThread "C2 CompilerThread1" daemon [_thread_in_native, id=6560, stack(0x0000000018c90000,0x0000000018d90000)]
=>0x0000000017535800 JavaThread "C2 CompilerThread0" daemon [_thread_in_native, id=1020, stack(0x0000000018b90000,0x0000000018c90000)]
  0x0000000017534800 JavaThread "Attach Listener" daemon [_thread_blocked, id=12240, stack(0x0000000018a90000,0x0000000018b90000)]
  0x000000001753b000 JavaThread "Signal Dispatcher" daemon [_thread_blocked, id=9444, stack(0x0000000018990000,0x0000000018a90000)]
  0x000000001751a800 JavaThread "Finalizer" daemon [_thread_blocked, id=9496, stack(0x0000000018780000,0x0000000018880000)]
  0x0000000017519000 JavaThread "Reference Handler" daemon [_thread_blocked, id=10176, stack(0x0000000018680000,0x0000000018780000)]
  0x0000000002f85000 JavaThread "main" [_thread_in_vm, id=11916, stack(0x0000000002e80000,0x0000000002f80000)]

Other Threads:
  0x00000000174f6000 VMThread [stack: 0x0000000018580000,0x0000000018680000] [id=5776]
  0x000000001757a800 WatcherThread [stack: 0x0000000019390000,0x0000000019490000] [id=10524]

VM state:not at safepoint (normal execution)

VM Mutex/Monitor currently owned by a thread: None

heap address: 0x000000008cc00000, size: 1844 MB, Compressed Oops mode: 32-bit
Narrow klass base: 0x0000000000000000, Narrow klass shift: 3
Compressed class space size: 1073741824 Address: 0x0000000100000000

Heap:
 PSYoungGen      total 137728K, used 36527K [0x00000000d9980000, 0x00000000e3100000, 0x0000000100000000)
  eden space 120832K, 16% used [0x00000000d9980000,0x00000000dacb2410,0x00000000e0f80000)
  from space 16896K, 99% used [0x00000000e2080000,0x00000000e30f9be8,0x00000000e3100000)
  to   space 4608K, 0% used [0x00000000e0f80000,0x00000000e0f80000,0x00000000e1400000)
 ParOldGen       total 64512K, used 33275K [0x000000008cc00000, 0x0000000090b00000, 0x00000000d9980000)
  object space 64512K, 51% used [0x000000008cc00000,0x000000008ec7ef20,0x0000000090b00000)
 Metaspace       used 47828K, capacity 48694K, committed 48896K, reserved 1091584K
  class space    used 6092K, capacity 6307K, committed 6400K, reserved 1048576K

Card table byte_map: [0x0000000012440000,0x00000000127e0000] byte_map_base: 0x0000000011fda000

Marking Bits: (ParMarkBitMap*) 0x0000000063d6f030
 Begin Bits: [0x0000000012e50000, 0x0000000014b20000)
 End Bits:   [0x0000000014b20000, 0x00000000167f0000)

Polling page: 0x0000000001680000

CodeCache: size=245760Kb used=15337Kb max_used=16002Kb free=230422Kb
 bounds [0x0000000003080000, 0x0000000004060000, 0x0000000012080000]
 total_blobs=5231 nmethods=4765 adapters=380
 compilation: enabled

Compilation events (10 events):
Event: 9.834 Thread 0x000000001754b800 5178       3       org.jetbrains.kotlin.metadata.ProtoBuf$Class::hasFqName (16 bytes)
Event: 9.834 Thread 0x000000001754b800 nmethod 5178 0x00000000034e07d0 code [0x00000000034e0920, 0x00000000034e0ad0]
Event: 9.834 Thread 0x000000001754b800 5179       3       org.jetbrains.kotlin.metadata.ProtoBuf$Class::getTypeAliasCount (10 bytes)
Event: 9.834 Thread 0x000000001754b800 nmethod 5179 0x00000000035cf890 code [0x00000000035cfa00, 0x00000000035cfc28]
Event: 9.834 Thread 0x000000001754b800 5183       3       org.jetbrains.kotlin.metadata.ProtoBuf$Constructor::getValueParameterCount (10 bytes)
Event: 9.834 Thread 0x000000001754b800 nmethod 5183 0x000000000360fe50 code [0x000000000360ffc0, 0x00000000036101e8]
Event: 9.834 Thread 0x000000001754b800 5173       3       org.jetbrains.kotlin.metadata.ProtoBuf$Class::initFields (108 bytes)
Event: 9.835 Thread 0x000000001754b800 nmethod 5173 0x00000000035d4a50 code [0x00000000035d4c20, 0x00000000035d5370]
Event: 9.835 Thread 0x000000001754b800 5171       3       org.jetbrains.kotlin.metadata.ProtoBuf$Class::<init> (7 bytes)
Event: 9.835 Thread 0x000000001754b800 nmethod 5171 0x00000000035cd590 code [0x00000000035cd700, 0x00000000035cd888]

GC Heap History (10 events):
Event: 2.704 GC heap before
{Heap before GC invocations=4 (full 1):
 PSYoungGen      total 65024K, used 4576K [0x00000000d9980000, 0x00000000e1880000, 0x0000000100000000)
  eden space 60416K, 0% used [0x00000000d9980000,0x00000000d9980000,0x00000000dd480000)
  from space 4608K, 99% used [0x00000000dd480000,0x00000000dd8f8020,0x00000000dd900000)
  to   space 4608K, 0% used [0x00000000e1400000,0x00000000e1400000,0x00000000e1880000)
 ParOldGen       total 79360K, used 12491K [0x000000008cc00000, 0x0000000091980000, 0x00000000d9980000)
  object space 79360K, 15% used [0x000000008cc00000,0x000000008d832f08,0x0000000091980000)
 Metaspace       used 20765K, capacity 21178K, committed 21296K, reserved 1069056K
  class space    used 2481K, capacity 2628K, committed 2688K, reserved 1048576K
Event: 2.774 GC heap after
Heap after GC invocations=4 (full 1):
 PSYoungGen      total 65024K, used 0K [0x00000000d9980000, 0x00000000e1880000, 0x0000000100000000)
  eden space 60416K, 0% used [0x00000000d9980000,0x00000000d9980000,0x00000000dd480000)
  from space 4608K, 0% used [0x00000000dd480000,0x00000000dd480000,0x00000000dd900000)
  to   space 4608K, 0% used [0x00000000e1400000,0x00000000e1400000,0x00000000e1880000)
 ParOldGen       total 64512K, used 9980K [0x000000008cc00000, 0x0000000090b00000, 0x00000000d9980000)
  object space 64512K, 15% used [0x000000008cc00000,0x000000008d5bf130,0x0000000090b00000)
 Metaspace       used 20765K, capacity 21178K, committed 21296K, reserved 1069056K
  class space    used 2481K, capacity 2628K, committed 2688K, reserved 1048576K
}
Event: 4.294 GC heap before
{Heap before GC invocations=5 (full 1):
 PSYoungGen      total 65024K, used 60416K [0x00000000d9980000, 0x00000000e1880000, 0x0000000100000000)
  eden space 60416K, 100% used [0x00000000d9980000,0x00000000dd480000,0x00000000dd480000)
  from space 4608K, 0% used [0x00000000dd480000,0x00000000dd480000,0x00000000dd900000)
  to   space 4608K, 0% used [0x00000000e1400000,0x00000000e1400000,0x00000000e1880000)
 ParOldGen       total 64512K, used 9980K [0x000000008cc00000, 0x0000000090b00000, 0x00000000d9980000)
  object space 64512K, 15% used [0x000000008cc00000,0x000000008d5bf130,0x0000000090b00000)
 Metaspace       used 28181K, capacity 28652K, committed 29056K, reserved 1075200K
  class space    used 3449K, capacity 3595K, committed 3712K, reserved 1048576K
Event: 4.314 GC heap after
Heap after GC invocations=5 (full 1):
 PSYoungGen      total 90112K, used 4579K [0x00000000d9980000, 0x00000000e1880000, 0x0000000100000000)
  eden space 85504K, 0% used [0x00000000d9980000,0x00000000d9980000,0x00000000ded00000)
  from space 4608K, 99% used [0x00000000e1400000,0x00000000e1878f78,0x00000000e1880000)
  to   space 4608K, 0% used [0x00000000e0f80000,0x00000000e0f80000,0x00000000e1400000)
 ParOldGen       total 64512K, used 19924K [0x000000008cc00000, 0x0000000090b00000, 0x00000000d9980000)
  object space 64512K, 30% used [0x000000008cc00000,0x000000008df753c0,0x0000000090b00000)
 Metaspace       used 28181K, capacity 28652K, committed 29056K, reserved 1075200K
  class space    used 3449K, capacity 3595K, committed 3712K, reserved 1048576K
}
Event: 5.533 GC heap before
{Heap before GC invocations=6 (full 1):
 PSYoungGen      total 90112K, used 40702K [0x00000000d9980000, 0x00000000e1880000, 0x0000000100000000)
  eden space 85504K, 42% used [0x00000000d9980000,0x00000000dbcc6b88,0x00000000ded00000)
  from space 4608K, 99% used [0x00000000e1400000,0x00000000e1878f78,0x00000000e1880000)
  to   space 4608K, 0% used [0x00000000e0f80000,0x00000000e0f80000,0x00000000e1400000)
 ParOldGen       total 64512K, used 19924K [0x000000008cc00000, 0x0000000090b00000, 0x00000000d9980000)
  object space 64512K, 30% used [0x000000008cc00000,0x000000008df753c0,0x0000000090b00000)
 Metaspace       used 34789K, capacity 35330K, committed 35496K, reserved 1081344K
  class space    used 4439K, capacity 4585K, committed 4608K, reserved 1048576K
Event: 5.556 GC heap after
Heap after GC invocations=6 (full 1):
 PSYoungGen      total 125440K, used 4588K [0x00000000d9980000, 0x00000000e3100000, 0x0000000100000000)
  eden space 120832K, 0% used [0x00000000d9980000,0x00000000d9980000,0x00000000e0f80000)
  from space 4608K, 99% used [0x00000000e0f80000,0x00000000e13fb140,0x00000000e1400000)
  to   space 16896K, 0% used [0x00000000e2080000,0x00000000e2080000,0x00000000e3100000)
 ParOldGen       total 64512K, used 28787K [0x000000008cc00000, 0x0000000090b00000, 0x00000000d9980000)
  object space 64512K, 44% used [0x000000008cc00000,0x000000008e81cd38,0x0000000090b00000)
 Metaspace       used 34789K, capacity 35330K, committed 35496K, reserved 1081344K
  class space    used 4439K, capacity 4585K, committed 4608K, reserved 1048576K
}
Event: 5.556 GC heap before
{Heap before GC invocations=7 (full 2):
 PSYoungGen      total 125440K, used 4588K [0x00000000d9980000, 0x00000000e3100000, 0x0000000100000000)
  eden space 120832K, 0% used [0x00000000d9980000,0x00000000d9980000,0x00000000e0f80000)
  from space 4608K, 99% used [0x00000000e0f80000,0x00000000e13fb140,0x00000000e1400000)
  to   space 16896K, 0% used [0x00000000e2080000,0x00000000e2080000,0x00000000e3100000)
 ParOldGen       total 64512K, used 28787K [0x000000008cc00000, 0x0000000090b00000, 0x00000000d9980000)
  object space 64512K, 44% used [0x000000008cc00000,0x000000008e81cd38,0x0000000090b00000)
 Metaspace       used 34789K, capacity 35330K, committed 35496K, reserved 1081344K
  class space    used 4439K, capacity 4585K, committed 4608K, reserved 1048576K
Event: 5.720 GC heap after
Heap after GC invocations=7 (full 2):
 PSYoungGen      total 125440K, used 0K [0x00000000d9980000, 0x00000000e3100000, 0x0000000100000000)
  eden space 120832K, 0% used [0x00000000d9980000,0x00000000d9980000,0x00000000e0f80000)
  from space 4608K, 0% used [0x00000000e0f80000,0x00000000e0f80000,0x00000000e1400000)
  to   space 16896K, 0% used [0x00000000e2080000,0x00000000e2080000,0x00000000e3100000)
 ParOldGen       total 64512K, used 26182K [0x000000008cc00000, 0x0000000090b00000, 0x00000000d9980000)
  object space 64512K, 40% used [0x000000008cc00000,0x000000008e591830,0x0000000090b00000)
 Metaspace       used 34789K, capacity 35330K, committed 35496K, reserved 1081344K
  class space    used 4439K, capacity 4585K, committed 4608K, reserved 1048576K
}
Event: 8.998 GC heap before
{Heap before GC invocations=8 (full 2):
 PSYoungGen      total 125440K, used 120832K [0x00000000d9980000, 0x00000000e3100000, 0x0000000100000000)
  eden space 120832K, 100% used [0x00000000d9980000,0x00000000e0f80000,0x00000000e0f80000)
  from space 4608K, 0% used [0x00000000e0f80000,0x00000000e0f80000,0x00000000e1400000)
  to   space 16896K, 0% used [0x00000000e2080000,0x00000000e2080000,0x00000000e3100000)
 ParOldGen       total 64512K, used 26182K [0x000000008cc00000, 0x0000000090b00000, 0x00000000d9980000)
  object space 64512K, 40% used [0x000000008cc00000,0x000000008e591830,0x0000000090b00000)
 Metaspace       used 43266K, capacity 43886K, committed 44160K, reserved 1087488K
  class space    used 5327K, capacity 5479K, committed 5504K, reserved 1048576K
Event: 9.045 GC heap after
Heap after GC invocations=8 (full 2):
 PSYoungGen      total 137728K, used 16870K [0x00000000d9980000, 0x00000000e3100000, 0x0000000100000000)
  eden space 120832K, 0% used [0x00000000d9980000,0x00000000d9980000,0x00000000e0f80000)
  from space 16896K, 99% used [0x00000000e2080000,0x00000000e30f9be8,0x00000000e3100000)
  to   space 4608K, 0% used [0x00000000e0f80000,0x00000000e0f80000,0x00000000e1400000)
 ParOldGen       total 64512K, used 33275K [0x000000008cc00000, 0x0000000090b00000, 0x00000000d9980000)
  object space 64512K, 51% used [0x000000008cc00000,0x000000008ec7ef20,0x0000000090b00000)
 Metaspace       used 43266K, capacity 43886K, committed 44160K, reserved 1087488K
  class space    used 5327K, capacity 5479K, committed 5504K, reserved 1048576K
}

Deoptimization events (10 events):
Event: 9.223 Thread 0x0000000002f85000 Uncommon trap: reason=class_check action=maybe_recompile pc=0x000000000397c97c method=org.jetbrains.kotlin.com.intellij.util.text.CharSequenceSubSequence.<init>(Ljava/lang/CharSequence;II)V @ 18
Event: 9.223 Thread 0x0000000002f85000 Uncommon trap: reason=class_check action=maybe_recompile pc=0x000000000397c97c method=org.jetbrains.kotlin.com.intellij.util.text.CharSequenceSubSequence.<init>(Ljava/lang/CharSequence;II)V @ 18
Event: 9.223 Thread 0x0000000002f85000 Uncommon trap: reason=class_check action=maybe_recompile pc=0x000000000397c97c method=org.jetbrains.kotlin.com.intellij.util.text.CharSequenceSubSequence.<init>(Ljava/lang/CharSequence;II)V @ 18
Event: 9.227 Thread 0x0000000002f85000 Uncommon trap: reason=unstable_if action=reinterpret pc=0x00000000038d85a8 method=org.jetbrains.kotlin.com.intellij.util.text.CharArrayUtil.getChars(Ljava/lang/CharSequence;[CIII)V @ 20
Event: 9.730 Thread 0x0000000002f85000 Uncommon trap: reason=unstable_if action=reinterpret pc=0x000000000380b5fc method=org.jetbrains.kotlin.com.intellij.psi.tree.TokenSet.contains(Lorg/jetbrains/kotlin/com/intellij/psi/tree/IElementType;)Z @ 1
Event: 9.730 Thread 0x0000000002f85000 Uncommon trap: reason=unstable_if action=reinterpret pc=0x00000000039ce268 method=java.util.HashMap.hash(Ljava/lang/Object;)I @ 1
Event: 9.730 Thread 0x0000000002f85000 Uncommon trap: reason=unstable_if action=reinterpret pc=0x000000000349a0f0 method=java.util.HashMap.hash(Ljava/lang/Object;)I @ 1
Event: 9.730 Thread 0x0000000002f85000 Uncommon trap: reason=unstable_if action=reinterpret pc=0x0000000003ecbe70 method=org.jetbrains.kotlin.resolve.DescriptorUtils.getFqNameSafeIfPossible(Lorg/jetbrains/kotlin/descriptors/DeclarationDescriptor;)Lorg/jetbrains/kotlin/name/FqName; @ 12
Event: 9.730 Thread 0x0000000002f85000 Uncommon trap: reason=unstable_if action=reinterpret pc=0x0000000003f491ac method=org.jetbrains.kotlin.name.FqNameUnsafe.child(Lorg/jetbrains/kotlin/name/Name;)Lorg/jetbrains/kotlin/name/FqNameUnsafe; @ 13
Event: 9.811 Thread 0x0000000002f85000 Uncommon trap: reason=unstable_if action=reinterpret pc=0x00000000033365e4 method=java.lang.AbstractStringBuilder.append(Ljava/lang/String;)Ljava/lang/AbstractStringBuilder; @ 1

Classes redefined (0 events):
No events

Internal exceptions (10 events):
Event: 9.517 Thread 0x0000000002f85000 Exception <a 'java/lang/NoSuchMethodError': java.lang.Object.lambda$static$0(I)[Lorg/jetbrains/kotlin/com/intellij/psi/PsiImportStatementBase;> (0x00000000da4f3418) thrown at [C:\src\AOSP-openjdk-git\hotspot\src\share\vm\interpreter\linkResolver.cpp, line
Event: 9.539 Thread 0x0000000002f85000 Exception <a 'java/lang/NoSuchMethodError': java.lang.Object.lambda$static$0(I)I> (0x00000000da54b0a0) thrown at [C:\src\AOSP-openjdk-git\hotspot\src\share\vm\interpreter\linkResolver.cpp, line 620]
Event: 9.548 Thread 0x0000000002f85000 Exception <a 'java/lang/NoSuchMethodError': java.lang.Object.lambda$static$0(I)[Lorg/jetbrains/kotlin/com/intellij/psi/PsiParameter;> (0x00000000da57e8d8) thrown at [C:\src\AOSP-openjdk-git\hotspot\src\share\vm\interpreter\linkResolver.cpp, line 620]
Event: 9.621 Thread 0x0000000002f85000 Exception <a 'java/lang/NoSuchMethodError': java.lang.Object.lambda$static$0(I)[Lorg/jetbrains/kotlin/com/intellij/psi/PsiNameValuePair;> (0x00000000da723ac0) thrown at [C:\src\AOSP-openjdk-git\hotspot\src\share\vm\interpreter\linkResolver.cpp, line 620]
Event: 9.625 Thread 0x0000000002f85000 Exception <a 'java/lang/NoSuchMethodError': java.lang.Object.lambda$static$0(I)[Lorg/jetbrains/kotlin/com/intellij/psi/PsiAnnotationMemberValue;> (0x00000000da73fe48) thrown at [C:\src\AOSP-openjdk-git\hotspot\src\share\vm\interpreter\linkResolver.cpp, li
Event: 9.715 Thread 0x0000000002f85000 Exception <a 'java/lang/IncompatibleClassChangeError': Found class java.lang.Object, but interface was expected> (0x00000000da842528) thrown at [C:\src\AOSP-openjdk-git\hotspot\src\share\vm\interpreter\linkResolver.cpp, line 653]
Event: 9.730 Thread 0x0000000002f85000 Implicit null exception at 0x000000000380b50c to 0x000000000380b5e9
Event: 9.730 Thread 0x0000000002f85000 Implicit null exception at 0x00000000039cd73a to 0x00000000039ce259
Event: 9.730 Thread 0x0000000002f85000 Implicit null exception at 0x0000000003499afb to 0x000000000349a0dd
Event: 9.811 Thread 0x0000000002f85000 Implicit null exception at 0x0000000003336214 to 0x00000000033365cd

Events (10 events):
Event: 9.834 loading class org/jetbrains/kotlin/resolve/constants/IntegerValueTypeConstant
Event: 9.834 loading class org/jetbrains/kotlin/resolve/constants/IntegerValueTypeConstant done
Event: 9.835 loading class org/jetbrains/kotlin/resolve/constants/CompileTimeConstantChecker
Event: 9.835 loading class org/jetbrains/kotlin/resolve/constants/CompileTimeConstantChecker done
Event: 9.837 loading class org/jetbrains/kotlin/types/expressions/TypeReconstructionUtil
Event: 9.837 loading class org/jetbrains/kotlin/types/expressions/TypeReconstructionUtil done
Event: 9.838 loading class org/jetbrains/kotlin/types/TypeReconstructionResult
Event: 9.838 loading class org/jetbrains/kotlin/types/TypeReconstructionResult done
Event: 9.839 loading class org/jetbrains/kotlin/types/CastDiagnosticsUtil
Event: 9.839 loading class org/jetbrains/kotlin/types/CastDiagnosticsUtil done


Dynamic libraries:
0x00007ff70c5f0000 - 0x00007ff70c621000 	C:\Program Files\Android\Android Studio\jre\jre\bin\java.exe
0x00007fffd3110000 - 0x00007fffd3305000 	C:\WINDOWS\SYSTEM32\ntdll.dll
0x00007fffd1ae0000 - 0x00007fffd1b9d000 	C:\WINDOWS\System32\KERNEL32.DLL
0x00007fffd08b0000 - 0x00007fffd0b78000 	C:\WINDOWS\System32\KERNELBASE.dll
0x00007fffd15c0000 - 0x00007fffd166c000 	C:\WINDOWS\System32\ADVAPI32.dll
0x00007fffd3000000 - 0x00007fffd309e000 	C:\WINDOWS\System32\msvcrt.dll
0x00007fffd1a30000 - 0x00007fffd1acb000 	C:\WINDOWS\System32\sechost.dll
0x00007fffd2af0000 - 0x00007fffd2c1b000 	C:\WINDOWS\System32\RPCRT4.dll
0x00007fffd2200000 - 0x00007fffd23a0000 	C:\WINDOWS\System32\USER32.dll
0x00007fffd0b80000 - 0x00007fffd0ba2000 	C:\WINDOWS\System32\win32u.dll
0x00007fffd1480000 - 0x00007fffd14aa000 	C:\WINDOWS\System32\GDI32.dll
0x00007fffd0d30000 - 0x00007fffd0e3b000 	C:\WINDOWS\System32\gdi32full.dll
0x00007fffd0e70000 - 0x00007fffd0f0d000 	C:\WINDOWS\System32\msvcp_win.dll
0x00007fffd0bb0000 - 0x00007fffd0cb0000 	C:\WINDOWS\System32\ucrtbase.dll
0x00007fffbc5d0000 - 0x00007fffbc86a000 	C:\WINDOWS\WinSxS\amd64_microsoft.windows.common-controls_6595b64144ccf1df_6.0.19041.844_none_ca00b6081b84eb1d\COMCTL32.dll
0x00007fffd30a0000 - 0x00007fffd30d0000 	C:\WINDOWS\System32\IMM32.DLL
0x0000000062b50000 - 0x0000000062c22000 	C:\Program Files\Android\Android Studio\jre\jre\bin\msvcr100.dll
0x00000000635a0000 - 0x0000000063deb000 	C:\Program Files\Android\Android Studio\jre\jre\bin\server\jvm.dll
0x00007fffd2d00000 - 0x00007fffd2d08000 	C:\WINDOWS\System32\PSAPI.DLL
0x00007fffc6c80000 - 0x00007fffc6ca7000 	C:\WINDOWS\SYSTEM32\WINMM.dll
0x00007fffcf750000 - 0x00007fffcf75a000 	C:\WINDOWS\SYSTEM32\VERSION.dll
0x00007fffc7990000 - 0x00007fffc7999000 	C:\WINDOWS\SYSTEM32\WSOCK32.dll
0x00007fffd12e0000 - 0x00007fffd134b000 	C:\WINDOWS\System32\WS2_32.dll
0x00007fffc6790000 - 0x00007fffc679f000 	C:\Program Files\Android\Android Studio\jre\jre\bin\verify.dll
0x00007fffba570000 - 0x00007fffba599000 	C:\Program Files\Android\Android Studio\jre\jre\bin\java.dll
0x00007fffc4790000 - 0x00007fffc47a6000 	C:\Program Files\Android\Android Studio\jre\jre\bin\zip.dll
0x00007fffd23a0000 - 0x00007fffd2ae2000 	C:\WINDOWS\System32\SHELL32.dll
0x00007fffcef70000 - 0x00007fffcf701000 	C:\WINDOWS\SYSTEM32\windows.storage.dll
0x00007fffd1670000 - 0x00007fffd19c5000 	C:\WINDOWS\System32\combase.dll
0x00007fffd0320000 - 0x00007fffd034c000 	C:\WINDOWS\SYSTEM32\Wldp.dll
0x00007fffd11d0000 - 0x00007fffd127e000 	C:\WINDOWS\System32\SHCORE.dll
0x00007fffd1280000 - 0x00007fffd12d5000 	C:\WINDOWS\System32\shlwapi.dll
0x00007fffd07f0000 - 0x00007fffd080f000 	C:\WINDOWS\SYSTEM32\profapi.dll
0x00007fffb97d0000 - 0x00007fffb97ea000 	C:\Program Files\Android\Android Studio\jre\jre\bin\net.dll
0x00007fffd0090000 - 0x00007fffd00fa000 	C:\WINDOWS\system32\mswsock.dll
0x00007fffb95e0000 - 0x00007fffb95f3000 	C:\Program Files\Android\Android Studio\jre\jre\bin\nio.dll

VM Arguments:
java_command: org.jetbrains.kotlin.cli.jvm.K2JVMCompiler -Xallow-no-source-files -classpath C:\Users\dimar\AndroidStudioProjects\ManagerFinansowy\app\build\intermediates\compile_and_runtime_not_namespaced_r_class_jar\debug\R.jar;C:\Users\dimar\.gradle\caches\transforms-2\files-2.1\e40fea83bc3cdb95e6a8459c0c3eff6d\jetified-viewbinding-4.1.2-api.jar;C:\Users\dimar\.gradle\caches\transforms-2\files-2.1\6bcac530f742a65780ebe50a5d4e9c4b\material-1.3.0-api.jar;C:\Users\dimar\.gradle\caches\transforms-2\files-2.1\568e90c55676d6dcab2bda49ba5b034f\constraintlayout-2.0.4-api.jar;C:\Users\dimar\.gradle\caches\transforms-2\files-2.1\fb59e82e3c733787b51a3e4155ac91a8\appcompat-1.3.0-rc01-api.jar;C:\Users\dimar\.gradle\caches\transforms-2\files-2.1\5a6b3adcb76301b2c22de1e8e826aa4f\jetified-core-ktx-1.3.2-api.jar;C:\Users\dimar\.gradle\caches\transforms-2\files-2.1\a265561575907395c52ae16e222813bd\jetified-viewpager2-1.0.0-api.jar;C:\Users\dimar\.gradle\caches\transforms-2\files-2.1\998f8b32ecb5982914caa7d01e2024cf\fragment-1.3.2-api.jar;C:\Users\dimar\.gradle\caches\transforms-2\files-2.1\7163f5419f33e1afbdfc302ffa43fc73\jetified-activity-1.2.2-api.jar;C:\Users\dimar\.gradle\caches\transforms-2\files-2.1\edf06d7680e8237259b1cdc6dc849707\jetified-appcompat-resources-1.3.0-rc01-api.jar;C:\Users\dimar\.gradle\caches\transforms-2\files-2.1\40929d6fb330e298c6e3460973173c00\drawerlayout-1.0.0-api.jar;C:\Users\dimar\.gradle\caches\transforms-2\files-2.1\3806495bbc38d0525f4c942e89436f70\coordinatorlayout-1.1.0-api.jar;C:\Users\dimar\.gradle\caches\transforms-2\files-2.1\357b61e8c3693994e19e75db5a0e7d8d\dynamicanimation-1.0.0-api.jar;C:\Users\dimar\.gradle\caches\transforms-2\files-2.1\afbff4ee23217ccbc0bfda5b6e6be3eb\recyclerview-1.1.0-api.jar;C:\Users\dimar\.gradle\caches\transforms-2\files-2.1\05ca8c42f4cbd803cd0f92b4a2485488\transition-1.2.0-api.jar;C:\Users\dimar\.gradle\caches\transforms-2\files-2.1\4eef7c37ef12fc4e83eeb71483148370\vectordrawable-animated-1.1.0-api.jar;C:\Users\dim
java_class_path (initial): C:\Users\dimar\.gradle\caches\modules-2\files-2.1\org.jetbrains.kotlin\kotlin-compiler-embeddable\1.3.72\fb72232c8fa977d5e07d33c43381ddbdc5edab6\kotlin-compiler-embeddable-1.3.72.jar;C:\Users\dimar\.gradle\caches\modules-2\files-2.1\org.jetbrains.kotlin\kotlin-reflect\1.3.72\86613e1a669a701b0c660bfd2af4f82a7ae11fca\kotlin-reflect-1.3.72.jar;C:\Users\dimar\.gradle\caches\modules-2\files-2.1\org.jetbrains.kotlin\kotlin-stdlib\1.3.72\8032138f12c0180bc4e51fe139d4c52b46db6109\kotlin-stdlib-1.3.72.jar;C:\Users\dimar\.gradle\caches\modules-2\files-2.1\org.jetbrains.kotlin\kotlin-script-runtime\1.3.72\657d8d34d91e1964b4439378c09933e840bfe8d5\kotlin-script-runtime-1.3.72.jar;C:\Users\dimar\.gradle\caches\modules-2\files-2.1\org.jetbrains.kotlin\kotlin-daemon-embeddable\1.3.72\53bbaa2816dbf6bdb85f629451b1fcc88f2164d2\kotlin-daemon-embeddable-1.3.72.jar;C:\Users\dimar\.gradle\caches\modules-2\files-2.1\org.jetbrains.intellij.deps\trove4j\1.0.20181211\216c2e14b070f334479d800987affe4054cd563f\trove4j-1.0.20181211.jar;C:\Users\dimar\.gradle\caches\modules-2\files-2.1\org.jetbrains.kotlin\kotlin-stdlib-common\1.3.72\6ca8bee3d88957eaaaef077c41c908c9940492d8\kotlin-stdlib-common-1.3.72.jar;C:\Users\dimar\.gradle\caches\modules-2\files-2.1\org.jetbrains\annotations\13.0\919f0dfe192fb4e063e7dacadee7f8bb9a2672a9\annotations-13.0.jar;C:\Program Files\Android\Android Studio\jre\lib\tools.jar
Launcher Type: SUN_STANDARD

Environment Variables:
PATH=C:\Program Files (x86)\Common Files\Oracle\Java\javapath;C:\Program Files (x86)\VMware\VMware Workstation\bin\;C:\WINDOWS;C:\WINDOWS\system32;C:\WINDOWS\System32\Wbem;C:\WINDOWS\System32\WindowsPowerShell\v1.0\;C:\Program Files (x86)\AMD\ATI.ACE\Core-Static;C:\WINDOWS\System32\OpenSSH\;C:\Users\dimar\AppData\Local\Microsoft\WindowsApps;
USERNAME=dimar
OS=Windows_NT
PROCESSOR_IDENTIFIER=AMD64 Family 21 Model 16 Stepping 1, AuthenticAMD



---------------  S Y S T E M  ---------------

OS: Windows 10.0 , 64 bit Build 19041 (10.0.19041.928)

CPU:total 4 (initial active 4) (4 cores per cpu, 1 threads per core) family 21 model 16 stepping 1, cmov, cx8, fxsr, mmx, sse, sse2, sse3, ssse3, sse4.1, sse4.2, popcnt, avx, aes, clmul, mmxext, 3dnowpref, lzcnt, sse4a, tsc, tscinvbit, tscinv, bmi1

Memory: 4k page, physical 7547312k(640232k free), swap 8571312k(5208k free)

vm_info: OpenJDK 64-Bit Server VM (25.242-b01) for windows-amd64 JRE (1.8.0_242-release-1644-b01), built by "builder" with MS VC++ 10.0 (VS2010)

time: Mon May 03 16:44:39 2021
timezone: 
elapsed time: 9 seconds (0d 0h 0m 9s)

